TN:
SF:contracts/QAERC20.sol
DA:13,8
FN:13,QAERC20.constructor
FNDA:8,QAERC20.constructor
DA:19,8
DA:22,1
FN:22,QAERC20.decimals
FNDA:1,QAERC20.decimals
DA:23,1
DA:27,5
FN:27,QAERC20.mint
FNDA:5,QAERC20.mint
DA:28,5
DA:32,2
FN:32,QAERC20.burn
FNDA:2,QAERC20.burn
DA:33,2
DA:37,3
FN:37,QAERC20.burnFrom
FNDA:3,QAERC20.burnFrom
DA:38,3
DA:39,3
FNF:5
FNH:5
LF:11
LH:11
BRF:0
BRH:0
end_of_record
TN:
SF:contracts/QAEscrow.sol
DA:142,3
FN:142,QAEscrow.constructor
FNDA:3,QAEscrow.constructor
DA:146,3
BRDA:146,0,0,-
BRDA:146,0,1,-
DA:147,3
BRDA:147,1,0,-
BRDA:147,1,1,-
DA:149,3
DA:150,3
DA:153,3
DA:154,3
DA:155,3
DA:156,3
DA:162,0
FN:162,QAEscrow.pause
FNDA:0,QAEscrow.pause
DA:163,0
DA:166,0
FN:166,QAEscrow.unpause
FNDA:0,QAEscrow.unpause
DA:167,0
DA:170,0
FN:170,QAEscrow.setTermsSigner
FNDA:0,QAEscrow.setTermsSigner
DA:171,0
BRDA:171,2,0,-
BRDA:171,2,1,-
DA:172,0
DA:173,0
DA:174,0
DA:177,3
FN:177,QAEscrow.setAppOwner
FNDA:3,QAEscrow.setAppOwner
DA:178,3
BRDA:178,3,0,-
BRDA:178,3,1,-
DA:179,3
DA:180,3
DA:181,3
DA:185,0
FN:185,QAEscrow.transferAppOwner
FNDA:0,QAEscrow.transferAppOwner
DA:186,0
BRDA:186,4,0,-
BRDA:186,4,1,-
DA:187,0
BRDA:187,5,0,-
BRDA:187,5,1,-
DA:188,0
DA:189,0
DA:190,0
DA:196,6
FN:196,QAEscrow.orderKey
FNDA:6,QAEscrow.orderKey
DA:197,6
DA:200,0
FN:200,QAEscrow.availableCapacity
FNDA:0,QAEscrow.availableCapacity
DA:201,0
DA:202,0
DA:203,0
BRDA:203,6,0,-
DA:204,0
DA:210,3
FN:210,QAEscrow.stake
FNDA:3,QAEscrow.stake
DA:211,3
BRDA:211,7,0,-
BRDA:211,7,1,-
DA:212,3
BRDA:212,8,0,-
BRDA:212,8,1,-
DA:214,3
DA:215,3
DA:217,3
DA:220,0
FN:220,QAEscrow.unstake
FNDA:0,QAEscrow.unstake
DA:221,0
BRDA:221,9,0,-
BRDA:221,9,1,-
DA:222,0
BRDA:222,10,0,-
BRDA:222,10,1,-
DA:223,0
BRDA:223,11,0,-
BRDA:223,11,1,-
DA:226,0
BRDA:226,12,0,-
BRDA:226,12,1,-
DA:228,0
DA:229,0
DA:231,0
DA:237,3
FN:237,QAEscrow.depositUsdc
FNDA:3,QAEscrow.depositUsdc
DA:242,3
BRDA:242,13,0,-
BRDA:242,13,1,-
DA:243,3
BRDA:243,14,0,-
BRDA:243,14,1,-
DA:244,3
BRDA:244,15,0,-
BRDA:244,15,1,-
DA:245,3
BRDA:245,16,0,-
BRDA:245,16,1,-
DA:247,3
DA:248,3
BRDA:248,17,0,-
BRDA:248,17,1,-
DA:251,3
BRDA:251,18,0,-
BRDA:251,18,1,-
DA:253,2
DA:254,2
BRDA:254,19,0,-
BRDA:254,19,1,-
DA:257,2
DA:270,2
DA:271,2
BRDA:271,20,0,-
BRDA:271,20,1,-
DA:274,2
DA:276,2
DA:278,2
DA:287,2
DA:289,2
DA:295,2
FN:295,QAEscrow.claim
FNDA:2,QAEscrow.claim
DA:300,2
DA:301,2
DA:303,2
BRDA:303,21,0,-
BRDA:303,21,1,-
DA:304,2
BRDA:304,22,0,-
BRDA:304,22,1,-
DA:305,2
BRDA:305,23,0,-
BRDA:305,23,1,-
DA:307,1
DA:308,1
DA:310,1
DA:312,1
DA:318,1
FN:318,QAEscrow.openDispute
FNDA:1,QAEscrow.openDispute
DA:323,1
DA:324,1
DA:326,1
BRDA:326,24,0,-
BRDA:326,24,1,-
DA:327,1
BRDA:327,25,0,-
BRDA:327,25,1,-
DA:328,1
BRDA:328,26,0,-
BRDA:328,26,1,-
DA:330,1
DA:332,1
DA:342,1
FN:342,QAEscrow.resolveDispute
FNDA:1,QAEscrow.resolveDispute
DA:353,1
DA:354,1
DA:356,1
BRDA:356,27,0,-
BRDA:356,27,1,-
DA:357,1
BRDA:357,28,0,-
BRDA:357,28,1,-
DA:359,1
DA:362,1
DA:364,1
BRDA:364,29,0,1
BRDA:364,29,1,-
DA:366,1
DA:369,0
DA:373,1
BRDA:373,30,0,1
DA:374,1
DA:376,1
BRDA:376,31,0,1
DA:377,1
DA:380,1
DA:390,0
FN:390,QAEscrow.emergencyWithdraw
FNDA:0,QAEscrow.emergencyWithdraw
DA:395,0
BRDA:395,32,0,-
BRDA:395,32,1,-
DA:396,0
FNF:15
FNH:8
LF:104
LH:72
BRF:63
BRH:3
end_of_record
TN:
SF:contracts/TPMVerifierSecp256k1.sol
DA:14,12
FN:14,TPMVerifierSecp256k1.verify
FNDA:12,TPMVerifierSecp256k1.verify
DA:19,12
DA:20,12
BRDA:20,0,0,1
DA:22,11
BRDA:22,1,0,2
DA:24,9
DA:25,9
DA:26,9
BRDA:26,2,0,3
DA:27,6
DA:30,9
FN:30,TPMVerifierSecp256k1._splitSig
FNDA:9,TPMVerifierSecp256k1._splitSig
DA:36,0
DA:37,0
DA:38,0
DA:40,9
BRDA:40,3,0,1
DA:42,9
BRDA:42,4,0,1
DA:45,0
FN:45,TPMVerifierSecp256k1._keyIdToAddress
FNDA:0,TPMVerifierSecp256k1._keyIdToAddress
DA:46,0
FNF:3
FNH:2
LF:16
LH:11
BRF:5
BRH:5
end_of_record
TN:
SF:contracts/account/QuantumAuthAccount.sol
DA:40,5
FN:40,QuantumAuthAccount.onlyEntryPoint
FNDA:5,QuantumAuthAccount.onlyEntryPoint
DA:41,0
DA:45,5
FN:45,QuantumAuthAccount._onlyEntryPoint
FNDA:5,QuantumAuthAccount._onlyEntryPoint
DA:46,5
BRDA:46,0,0,2
DA:49,21
FN:49,QuantumAuthAccount.constructor
FNDA:21,QuantumAuthAccount.constructor
DA:56,21
BRDA:56,1,0,-
DA:57,21
BRDA:57,2,0,-
DA:59,21
DA:60,21
DA:61,21
DA:63,21
DA:64,21
DA:67,2
FN:67,QuantumAuthAccount.entryPoint
FNDA:2,QuantumAuthAccount.entryPoint
DA:68,2
DA:73,3
FN:73,QuantumAuthAccount.execute
FNDA:3,QuantumAuthAccount.execute
DA:74,3
DA:75,3
BRDA:75,3,0,1
DA:77,0
DA:88,15
FN:88,QuantumAuthAccount._validateSignature
FNDA:15,QuantumAuthAccount._validateSignature
DA:92,15
DA:93,15
DA:95,15
DA:97,15
DA:98,15
DA:100,15
BRDA:100,4,0,8
DA:102,8
BRDA:102,5,0,3
DA:103,5
BRDA:103,6,0,2
DA:104,3
DA:107,7
BRDA:107,7,0,6
DA:109,6
BRDA:109,8,0,4
DA:110,2
DA:113,1
DA:116,30
FN:116,QuantumAuthAccount._isValidEoaSig
FNDA:30,QuantumAuthAccount._isValidEoaSig
DA:117,30
BRDA:117,9,0,16
DA:118,14
FNF:7
FNH:7
LF:35
LH:33
BRF:10
BRH:8
end_of_record
TN:
SF:test/MockUSDC.sol
DA:9,0
FN:9,MockUSDC.decimals
FNDA:0,MockUSDC.decimals
DA:10,0
DA:13,6
FN:13,MockUSDC.mint
FNDA:6,MockUSDC.mint
DA:14,6
FNF:2
FNH:1
LF:4
LH:2
BRF:0
BRH:0
end_of_record
TN:
SF:test/QuantumAuthAccountExecute.t.sol
DA:27,6
FN:27,QuantumAuthAccountHarness.exposedValidateSignature
FNDA:6,QuantumAuthAccountHarness.exposedValidateSignature
DA:31,6
FNF:1
FNH:1
LF:2
LH:2
BRF:0
BRH:0
end_of_record
TN:
SF:test/QuantumAuthAccountExecuteEth.sol
DA:16,1
FN:16,EthReceiver.receive
FNDA:1,EthReceiver.receive
DA:17,1
FNF:1
FNH:1
LF:2
LH:2
BRF:0
BRH:0
end_of_record
TN:
SF:test/QuantumAuthAccountHarness.sol
DA:18,7
FN:18,QuantumAuthAccountHarness.exposedValidateSignature
FNDA:7,QuantumAuthAccountHarness.exposedValidateSignature
DA:22,7
FNF:1
FNH:1
LF:2
LH:2
BRF:0
BRH:0
end_of_record
TN:
SF:test/Receiver.sol
DA:8,1
FN:8,Receiver.ping
FNDA:1,Receiver.ping
DA:9,1
DA:10,1
FNF:1
FNH:1
LF:3
LH:3
BRF:0
BRH:0
end_of_record
TN:
SF:test/Reverter.sol
DA:7,1
FN:7,Reverter.boom
FNDA:1,Reverter.boom
DA:8,1
FNF:1
FNH:1
LF:2
LH:2
BRF:0
BRH:0
end_of_record
